<?xml version="1.0" encoding="UTF-8"?>
<!-- Generated by org.testng.reporters.JUnitReportReporter -->
<testsuite skipped="0" hostname="LAPTOP-76PGCCB3" name="Tests.ParallelTestingThreadLocal2" tests="4" failures="0" timestamp="2021-05-09T17:55:44 IST" time="133.451" errors="0">
  <testcase name="FacebookTest" time="18.163" classname="Tests.ParallelTestingThreadLocal2"/>
  <testcase name="MyntraTest" time="71.518" classname="Tests.ParallelTestingThreadLocal2"/>
  <testcase name="FlipkartTest" time="29.696" classname="Tests.ParallelTestingThreadLocal2"/>
  <testcase name="GoogleTest" time="14.074" classname="Tests.ParallelTestingThreadLocal2"/>
</testsuite> <!-- Tests.ParallelTestingThreadLocal2 -->
