<?xml version="1.0" encoding="UTF-8"?>
<!-- Generated by org.testng.reporters.JUnitReportReporter -->
<testsuite skipped="0" hostname="LAPTOP-76PGCCB3" name="threadlocalbakappa.ParallelTestingThreadLocal2" tests="4" failures="0" timestamp="2021-05-09T13:04:05 IST" time="61.884" errors="0">
  <testcase name="FacebookTest" time="7.144" classname="threadlocalbakappa.ParallelTestingThreadLocal2"/>
  <testcase name="FlipkartTest" time="11.816" classname="threadlocalbakappa.ParallelTestingThreadLocal2"/>
  <testcase name="GoogleTest" time="7.663" classname="threadlocalbakappa.ParallelTestingThreadLocal2"/>
  <testcase name="MyntraTest" time="35.261" classname="threadlocalbakappa.ParallelTestingThreadLocal2"/>
</testsuite> <!-- threadlocalbakappa.ParallelTestingThreadLocal2 -->
