<?xml version="1.0" encoding="UTF-8"?>
<!-- Generated by org.testng.reporters.JUnitReportReporter -->
<testsuite skipped="0" hostname="LAPTOP-76PGCCB3" name="threadlocalbakappa.ParallelTestingThreadLocal" tests="4" failures="0" timestamp="2021-05-09T13:04:05 IST" time="61.821" errors="0">
  <testcase name="FacebookTest" time="7.162" classname="threadlocalbakappa.ParallelTestingThreadLocal"/>
  <testcase name="GoogleTest" time="6.929" classname="threadlocalbakappa.ParallelTestingThreadLocal"/>
  <testcase name="FlipkartTest" time="12.425" classname="threadlocalbakappa.ParallelTestingThreadLocal"/>
  <testcase name="MyntraTest" time="35.305" classname="threadlocalbakappa.ParallelTestingThreadLocal"/>
</testsuite> <!-- threadlocalbakappa.ParallelTestingThreadLocal -->
